
Loaded 'libv3/all-terms.bf' from /home3/sadie/bin/hyphy/lib/hyphy/TemplateBatchFiles/libv3/all-terms.bf
Loaded 'libv3/UtilityFunctions.bf' from /home3/sadie/bin/hyphy/lib/hyphy/TemplateBatchFiles/libv3/UtilityFunctions.bf
Loaded 'IOFunctions.bf' from /home3/sadie/bin/hyphy/lib/hyphy/TemplateBatchFiles/libv3/IOFunctions.bf
Already loaded 'libv3/UtilityFunctions.bf' from /home3/sadie/bin/hyphy/lib/hyphy/TemplateBatchFiles/libv3/UtilityFunctions.bf
Loaded 'convenience/regexp.bf' from /home3/sadie/bin/hyphy/lib/hyphy/TemplateBatchFiles/libv3/convenience/regexp.bf
Already loaded 'libv3/all-terms.bf' from /home3/sadie/bin/hyphy/lib/hyphy/TemplateBatchFiles/libv3/all-terms.bf
Already loaded 'libv3/IOFunctions.bf' from /home3/sadie/bin/hyphy/lib/hyphy/TemplateBatchFiles/libv3/IOFunctions.bf
Loaded 'libv3/tasks/estimators.bf' from /home3/sadie/bin/hyphy/lib/hyphy/TemplateBatchFiles/libv3/tasks/estimators.bf
Loaded '../models/model_functions.bf' from /home3/sadie/bin/hyphy/lib/hyphy/TemplateBatchFiles/libv3/models/model_functions.bf
Loaded 'DNA.bf' from /home3/sadie/bin/hyphy/lib/hyphy/TemplateBatchFiles/libv3/models/DNA.bf
Loaded 'frequencies.bf' from /home3/sadie/bin/hyphy/lib/hyphy/TemplateBatchFiles/libv3/models/frequencies.bf
Already loaded '../all-terms.bf' from /home3/sadie/bin/hyphy/lib/hyphy/TemplateBatchFiles/libv3/all-terms.bf
Loaded 'parameters.bf' from /home3/sadie/bin/hyphy/lib/hyphy/TemplateBatchFiles/libv3/models/parameters.bf
Loaded 'GrabBag' from /home3/sadie/bin/hyphy/lib/hyphy/TemplateBatchFiles/Utility/GrabBag.bf
Already loaded 'libv3/all-terms.bf' from /home3/sadie/bin/hyphy/lib/hyphy/TemplateBatchFiles/libv3/all-terms.bf
Already loaded '../UtilityFunctions.bf' from /home3/sadie/bin/hyphy/lib/hyphy/TemplateBatchFiles/libv3/UtilityFunctions.bf
Already loaded 'model_functions.bf' from /home3/sadie/bin/hyphy/lib/hyphy/TemplateBatchFiles/libv3/models/model_functions.bf
Already loaded 'libv3/all-terms.bf' from /home3/sadie/bin/hyphy/lib/hyphy/TemplateBatchFiles/libv3/all-terms.bf
Already loaded 'parameters.bf' from /home3/sadie/bin/hyphy/lib/hyphy/TemplateBatchFiles/libv3/models/parameters.bf
Already loaded 'frequencies.bf' from /home3/sadie/bin/hyphy/lib/hyphy/TemplateBatchFiles/libv3/models/frequencies.bf
Already loaded '../UtilityFunctions.bf' from /home3/sadie/bin/hyphy/lib/hyphy/TemplateBatchFiles/libv3/UtilityFunctions.bf
Already loaded '../convenience/regexp.bf' from /home3/sadie/bin/hyphy/lib/hyphy/TemplateBatchFiles/libv3/convenience/regexp.bf
Loaded '../models/DNA/GTR.bf' from /home3/sadie/bin/hyphy/lib/hyphy/TemplateBatchFiles/libv3/models/DNA/GTR.bf
Already loaded '../DNA.bf' from /home3/sadie/bin/hyphy/lib/hyphy/TemplateBatchFiles/libv3/models/DNA.bf
Already loaded '../parameters.bf' from /home3/sadie/bin/hyphy/lib/hyphy/TemplateBatchFiles/libv3/models/parameters.bf
Already loaded '../frequencies.bf' from /home3/sadie/bin/hyphy/lib/hyphy/TemplateBatchFiles/libv3/models/frequencies.bf
Already loaded '../../UtilityFunctions.bf' from /home3/sadie/bin/hyphy/lib/hyphy/TemplateBatchFiles/libv3/UtilityFunctions.bf
Already loaded 'libv3/all-terms.bf' from /home3/sadie/bin/hyphy/lib/hyphy/TemplateBatchFiles/libv3/all-terms.bf
Already loaded '../convenience/regexp.bf' from /home3/sadie/bin/hyphy/lib/hyphy/TemplateBatchFiles/libv3/convenience/regexp.bf
Already loaded 'libv3/all-terms.bf' from /home3/sadie/bin/hyphy/lib/hyphy/TemplateBatchFiles/libv3/all-terms.bf
Loaded 'libv3/tasks/alignments.bf' from /home3/sadie/bin/hyphy/lib/hyphy/TemplateBatchFiles/libv3/tasks/alignments.bf
Already loaded '../IOFunctions.bf' from /home3/sadie/bin/hyphy/lib/hyphy/TemplateBatchFiles/libv3/IOFunctions.bf
Already loaded '../all-terms.bf' from /home3/sadie/bin/hyphy/lib/hyphy/TemplateBatchFiles/libv3/all-terms.bf
Loaded 'libv3/models/codon.bf' from /home3/sadie/bin/hyphy/lib/hyphy/TemplateBatchFiles/libv3/models/codon.bf
Loaded '../tasks/genetic_code.bf' from /home3/sadie/bin/hyphy/lib/hyphy/TemplateBatchFiles/libv3/tasks/genetic_code.bf
Loaded 'libv3/convenience/matrix.bf' from /home3/sadie/bin/hyphy/lib/hyphy/TemplateBatchFiles/libv3/convenience/matrix.bf
Already loaded 'libv3/UtilityFunctions.bf' from /home3/sadie/bin/hyphy/lib/hyphy/TemplateBatchFiles/libv3/UtilityFunctions.bf
Already loaded 'libv3/all-terms.bf' from /home3/sadie/bin/hyphy/lib/hyphy/TemplateBatchFiles/libv3/all-terms.bf
Already loaded '../UtilityFunctions.bf' from /home3/sadie/bin/hyphy/lib/hyphy/TemplateBatchFiles/libv3/UtilityFunctions.bf
Loaded 'libv3/tasks/trees.bf' from /home3/sadie/bin/hyphy/lib/hyphy/TemplateBatchFiles/libv3/tasks/trees.bf
Already loaded '../IOFunctions.bf' from /home3/sadie/bin/hyphy/lib/hyphy/TemplateBatchFiles/libv3/IOFunctions.bf
Already loaded '../all-terms.bf' from /home3/sadie/bin/hyphy/lib/hyphy/TemplateBatchFiles/libv3/all-terms.bf
Already loaded '../convenience/regexp.bf' from /home3/sadie/bin/hyphy/lib/hyphy/TemplateBatchFiles/libv3/convenience/regexp.bf
Already loaded '../UtilityFunctions.bf' from /home3/sadie/bin/hyphy/lib/hyphy/TemplateBatchFiles/libv3/UtilityFunctions.bf
Loaded 'TreeTools' from /home3/sadie/bin/hyphy/lib/hyphy/TemplateBatchFiles/TreeTools.ibf
Already loaded 'libv3/tasks/genetic_code.bf' from /home3/sadie/bin/hyphy/lib/hyphy/TemplateBatchFiles/libv3/tasks/genetic_code.bf
Loaded 'SelectionAnalyses/modules/io_functions.ibf' from /home3/sadie/bin/hyphy/lib/hyphy/TemplateBatchFiles/SelectionAnalyses/modules/io_functions.ibf
Already loaded 'libv3/UtilityFunctions.bf' from /home3/sadie/bin/hyphy/lib/hyphy/TemplateBatchFiles/libv3/UtilityFunctions.bf
Already loaded 'libv3/IOFunctions.bf' from /home3/sadie/bin/hyphy/lib/hyphy/TemplateBatchFiles/libv3/IOFunctions.bf
Already loaded 'libv3/convenience/regexp.bf' from /home3/sadie/bin/hyphy/lib/hyphy/TemplateBatchFiles/libv3/convenience/regexp.bf
Already loaded 'libv3/all-terms.bf' from /home3/sadie/bin/hyphy/lib/hyphy/TemplateBatchFiles/libv3/all-terms.bf
Loaded 'SelectionAnalyses/modules/selection_lib.ibf' from /home3/sadie/bin/hyphy/lib/hyphy/TemplateBatchFiles/SelectionAnalyses/modules/selection_lib.ibf
Loaded 'libv3/models/codon/BS_REL.bf' from /home3/sadie/bin/hyphy/lib/hyphy/TemplateBatchFiles/libv3/models/codon/BS_REL.bf
Already loaded '../codon.bf' from /home3/sadie/bin/hyphy/lib/hyphy/TemplateBatchFiles/libv3/models/codon.bf
Already loaded '../DNA.bf' from /home3/sadie/bin/hyphy/lib/hyphy/TemplateBatchFiles/libv3/models/DNA.bf
Already loaded '../parameters.bf' from /home3/sadie/bin/hyphy/lib/hyphy/TemplateBatchFiles/libv3/models/parameters.bf
Already loaded '../frequencies.bf' from /home3/sadie/bin/hyphy/lib/hyphy/TemplateBatchFiles/libv3/models/frequencies.bf
Already loaded '../../UtilityFunctions.bf' from /home3/sadie/bin/hyphy/lib/hyphy/TemplateBatchFiles/libv3/UtilityFunctions.bf
Loaded 'MG_REV.bf' from /home3/sadie/bin/hyphy/lib/hyphy/TemplateBatchFiles/libv3/models/codon/MG_REV.bf
Already loaded '../codon.bf' from /home3/sadie/bin/hyphy/lib/hyphy/TemplateBatchFiles/libv3/models/codon.bf
Already loaded '../DNA.bf' from /home3/sadie/bin/hyphy/lib/hyphy/TemplateBatchFiles/libv3/models/DNA.bf
Already loaded '../parameters.bf' from /home3/sadie/bin/hyphy/lib/hyphy/TemplateBatchFiles/libv3/models/parameters.bf
Already loaded '../frequencies.bf' from /home3/sadie/bin/hyphy/lib/hyphy/TemplateBatchFiles/libv3/models/frequencies.bf
Already loaded '../../UtilityFunctions.bf' from /home3/sadie/bin/hyphy/lib/hyphy/TemplateBatchFiles/libv3/UtilityFunctions.bf
Loaded '../../convenience/math.bf' from /home3/sadie/bin/hyphy/lib/hyphy/TemplateBatchFiles/libv3/convenience/math.bf
Already loaded 'libv3/UtilityFunctions.bf' from /home3/sadie/bin/hyphy/lib/hyphy/TemplateBatchFiles/libv3/UtilityFunctions.bf
Already loaded 'libv3/convenience/math.bf' from /home3/sadie/bin/hyphy/lib/hyphy/TemplateBatchFiles/libv3/convenience/math.bf
Variable 'NORMALIZE_SEQUENCE_NAMES' was not initialized prior to being used
Loaded 'SelectionAnalyses/modules/shared-load-file.bf' from /home3/sadie/bin/hyphy/lib/hyphy/TemplateBatchFiles/SelectionAnalyses/modules/shared-load-file.bf
Variable 'MARKDOWN_OUTPUT' was not initialized prior to being used
Already loaded 'libv3/convenience/matrix.bf' from /home3/sadie/bin/hyphy/lib/hyphy/TemplateBatchFiles/libv3/convenience/matrix.bf
Already loaded 'libv3/UtilityFunctions.bf' from /home3/sadie/bin/hyphy/lib/hyphy/TemplateBatchFiles/libv3/UtilityFunctions.bf
Variable 'mXRBZvoJ.skipCodeSelectionStep' was not initialized prior to being used
Row and/or column partition is emptyString. All the data will be used by default.
Variable 'NEXUS_FILE_TREE_MATRIX' was not initialized prior to being used
Variable 'mapping' was not initialized prior to being used
Variable 'reverse' was not initialized prior to being used
Variable 'utility.ToggleEnvVariable.cache' was not initialized prior to being used
Variable 'TREE_NODE_NAME_MAPPING' was not initialized prior to being used
Variable 'END_OF_FILE' was not initialized prior to being used
Variable '_DO_TREE_REBALANCE_' was not initialized prior to being used
Variable '_KEEP_I_LABELS_' was not initialized prior to being used
Rooted topology. Removing one branch - the left root child has been promoted to be the new root
Variable 'INCLUDE_MODEL_SPECS' was not initialized prior to being used
Row and/or column partition is emptyString. All the data will be used by default.
Row and/or column partition is emptyString. All the data will be used by default.
Variable 'VoxNqQbO.cache' was not initialized prior to being used
Row and/or column partition is emptyString. All the data will be used by default.
Variable 'COUNT_GAPS_IN_FREQUENCIES' was not initialized prior to being used
Variable 'RriJWieE.model_pi' was not initialized prior to being used
Model RriJWieE.model assigned to AC133103_6_MOUSE
Model RriJWieE.model assigned to AC132444_5_MOUSE
Model RriJWieE.model assigned to NODE_3
Model RriJWieE.model assigned to AC132444_3_MOUSE
Model RriJWieE.model assigned to NODE_5
Model RriJWieE.model assigned to AC133103_7_MOUSE
Model RriJWieE.model assigned to NODE_7
Model RriJWieE.model assigned to AC125149_3_MOUSE
Model RriJWieE.model assigned to GM10553_MOUSE
The tips of the tree:RriJWieE.tree_0 were matched with the species names from the data in the following numeric order (0-based) {0,1,2,3,4,5}

Pseudo-optimal path's cost 62 vs 86 for 1..k=> a 1.3871 x improvement
Variable 't' was not initialized prior to being used
Partition 0 reversible model flag computed as 1
Variable 'USE_LAST_RESULTS' was not initialized prior to being used
Variable 'RriJWieE.RriJWieE.likelihoodFunction' was not initialized prior to being used
Variable 'SAVE_OPT_STATUS_TO' was not initialized prior to being used
Variable 'RriJWieE.tree_0.AC133103_6_MOUSE.t' was not initialized prior to being used
Variable 'RriJWieE.tree_0.AC132444_5_MOUSE.t' was not initialized prior to being used
Variable 'RriJWieE.tree_0.AC132444_3_MOUSE.t' was not initialized prior to being used
Variable 'RriJWieE.tree_0.AC133103_7_MOUSE.t' was not initialized prior to being used
Variable 'RriJWieE.tree_0.AC125149_3_MOUSE.t' was not initialized prior to being used
Variable 'RriJWieE.tree_0.GM10553_MOUSE.t' was not initialized prior to being used
Variable 'RriJWieE.tree_0.NODE_3.t' was not initialized prior to being used
Variable 'RriJWieE.tree_0.NODE_5.t' was not initialized prior to being used
Variable 'RriJWieE.tree_0.NODE_7.t' was not initialized prior to being used
Site 6 evaluated to a 0 probability in ComputeTreeBlockByBranch
Site 6 evaluated to a 0 probability in ComputeTreeBlockByBranch
Site 7 evaluated to a 0 probability in ComputeTreeBlockByBranch
Auto-benchmarked an optimal number (1) of threads.
Set GUI update interval to every 5000-th LF evaluation.
Initial guess for RriJWieE.tree_0.NODE_5.t is 0.00189539
Initial guess for RriJWieE.tree_0.NODE_3.t is -6.16973e-05
Initial guess for RriJWieE.tree_0.AC133103_6_MOUSE.t is -1.01193e-19
Initial guess for RriJWieE.tree_0.AC132444_5_MOUSE.t is 1.55855e-19
Initial guess for RriJWieE.tree_0.AC132444_3_MOUSE.t is -1.69472e-18
Initial guess for RriJWieE.tree_0.AC133103_7_MOUSE.t is 0.0073416
Initial guess for RriJWieE.tree_0.AC125149_3_MOUSE.t is -4.78564e-05
Initial guess for RriJWieE.tree_0.GM10553_MOUSE.t is 0.0128586
Optimization settings:
	OPTIMIZATION_METHOD = 4
	OPTIMIZATION_PRECISION = 0.001
	MAXIMUM_ITERATIONS_PER_VARIABLE = 5000

Initial parameter values

RriJWieE.model.theta_CT = 1
RriJWieE.model.theta_GT = 0.25
RriJWieE.model.theta_CG = 0.25
RriJWieE.model.theta_AC = 0.25
RriJWieE.model.theta_AT = 0.25
RriJWieE.tree_0.AC133103_6_MOUSE.t = 0
RriJWieE.tree_0.AC132444_5_MOUSE.t = 1.55855e-19
RriJWieE.tree_0.NODE_3.t = 0
RriJWieE.tree_0.AC132444_3_MOUSE.t = 0
RriJWieE.tree_0.NODE_5.t = 0.00189539
RriJWieE.tree_0.AC133103_7_MOUSE.t = 0.0073416
RriJWieE.tree_0.NODE_7.t = 0
RriJWieE.tree_0.AC125149_3_MOUSE.t = 0
RriJWieE.tree_0.GM10553_MOUSE.t = 0.0128586
Optimization finished in 14 loop passes.
1013 likelihood evaluation calls and 4982 matrix exponentiations calls were made

Variable 'BRANCH_LENGTH_STENCIL' was not initialized prior to being used
Variable 'RriJWieE.option' was not initialized prior to being used
Variable 'Unknown' was not initialized prior to being used
Variable 'S_WNDCfk.data_filter' was not initialized prior to being used
Row and/or column partition is emptyString. All the data will be used by default.
Auto-benchmarked an optimal number (3) of threads.
Set GUI update interval to every 4672-th LF evaluation.
Optimization settings:
	OPTIMIZATION_METHOD = 4
	OPTIMIZATION_PRECISION = 0.001
	MAXIMUM_ITERATIONS_PER_VARIABLE = 5000

Initial parameter values

frequencies._aux.CF3x4.p0_0 = 0.289973
frequencies._aux.CF3x4.p0_1 = 0.320611
frequencies._aux.CF3x4.p0_2 = 0.432584
frequencies._aux.CF3x4.p1_0 = 0.214092
frequencies._aux.CF3x4.p1_1 = 0.424138
frequencies._aux.CF3x4.p1_2 = 0.350299
frequencies._aux.CF3x4.p2_0 = 0.142276
frequencies._aux.CF3x4.p2_1 = 0.379147
frequencies._aux.CF3x4.p2_2 = 0.503817
Internal error in _LikelihoodFunction::ConjugateGradientDescent. The function evaluated at current parameter values [-5.89863e-05] does not match the last recorded LF maximum [-0.000275569]
Internal error in _LikelihoodFunction::ConjugateGradientDescent. The function evaluated at current parameter values [-6.29697e-09] does not match the last recorded LF maximum [-2.88419e-08]
Optimization finished in 7 loop passes.
421 likelihood evaluation calls and 0 matrix exponentiations calls were made

Variable 'S_WNDCfk.model_MGREV_pi' was not initialized prior to being used
Model S_WNDCfk.model_MGREV assigned to AC133103_6_MOUSE
Model S_WNDCfk.model_MGREV assigned to AC132444_5_MOUSE
Model S_WNDCfk.model_MGREV assigned to NODE_3
Model S_WNDCfk.model_MGREV assigned to AC132444_3_MOUSE
Model S_WNDCfk.model_MGREV assigned to NODE_5
Model S_WNDCfk.model_MGREV assigned to AC133103_7_MOUSE
Model S_WNDCfk.model_MGREV assigned to NODE_7
Model S_WNDCfk.model_MGREV assigned to AC125149_3_MOUSE
Model S_WNDCfk.model_MGREV assigned to GM10553_MOUSE
The tips of the tree:S_WNDCfk.tree_0 were matched with the species names from the data in the following numeric order (0-based) {0,1,2,3,4,5}

Pseudo-optimal path's cost 511 vs 567 for 1..k=> a 1.10959 x improvement
Variable 'beta' was not initialized prior to being used
Variable 'alpha' was not initialized prior to being used
Partition 0 reversible model flag computed as 1S_WNDCfk.model_MGREV.theta_AG was already constrained in estimators.SetGlobals2

Variable 'S_WNDCfk.tree_0.AC133103_6_MOUSE.alpha' was not initialized prior to being used
Variable 'S_WNDCfk.tree_0.AC132444_5_MOUSE.alpha' was not initialized prior to being used
Variable 'S_WNDCfk.tree_0.NODE_3.alpha' was not initialized prior to being used
Variable 'S_WNDCfk.tree_0.AC132444_3_MOUSE.alpha' was not initialized prior to being used
Variable 'S_WNDCfk.tree_0.NODE_5.alpha' was not initialized prior to being used
Variable 'S_WNDCfk.tree_0.AC133103_7_MOUSE.alpha' was not initialized prior to being used
Variable 'S_WNDCfk.tree_0.NODE_7.alpha' was not initialized prior to being used
Variable 'S_WNDCfk.tree_0.AC125149_3_MOUSE.alpha' was not initialized prior to being used
Variable 'S_WNDCfk.tree_0.GM10553_MOUSE.alpha' was not initialized prior to being used
Variable 'S_WNDCfk.S_WNDCfk.likelihoodFunction' was not initialized prior to being used
Auto-benchmarked an optimal number (1) of threads.
Set GUI update interval to every 215-th LF evaluation.
Optimization settings:
	OPTIMIZATION_METHOD = 4
	OPTIMIZATION_PRECISION = 0.001
	MAXIMUM_ITERATIONS_PER_VARIABLE = 5000

Initial parameter values

S_WNDCfk.model_MGREV.omega_0 = 1
busted.scaler_0 = 3
Optimization finished in 11 loop passes.
186 likelihood evaluation calls and 1404 matrix exponentiations calls were made

Row and/or column partition is emptyString. All the data will be used by default.
Likelihood function cleared because partition index '0' points to invalid components
Auto-benchmarked an optimal number (3) of threads.
Set GUI update interval to every 4424-th LF evaluation.
Optimization settings:
	OPTIMIZATION_METHOD = 4
	OPTIMIZATION_PRECISION = 0.001
	MAXIMUM_ITERATIONS_PER_VARIABLE = 5000

Initial parameter values

frequencies._aux.CF3x4.p0_0 = 0.289973
frequencies._aux.CF3x4.p0_1 = 0.320611
frequencies._aux.CF3x4.p0_2 = 0.432584
frequencies._aux.CF3x4.p1_0 = 0.214092
frequencies._aux.CF3x4.p1_1 = 0.424138
frequencies._aux.CF3x4.p1_2 = 0.350299
frequencies._aux.CF3x4.p2_0 = 0.142276
frequencies._aux.CF3x4.p2_1 = 0.379147
frequencies._aux.CF3x4.p2_2 = 0.503817
Internal error in _LikelihoodFunction::ConjugateGradientDescent. The function evaluated at current parameter values [-5.89863e-05] does not match the last recorded LF maximum [-0.000275569]
Internal error in _LikelihoodFunction::ConjugateGradientDescent. The function evaluated at current parameter values [-6.29697e-09] does not match the last recorded LF maximum [-2.88419e-08]
Optimization finished in 7 loop passes.
421 likelihood evaluation calls and 0 matrix exponentiations calls were made

Variable 'S_WNDCfk.model_MGREV_pi' was not initialized prior to being used
Model S_WNDCfk.model_MGREV assigned to AC133103_6_MOUSE
Model S_WNDCfk.model_MGREV assigned to AC132444_5_MOUSE
Model S_WNDCfk.model_MGREV assigned to NODE_3
Model S_WNDCfk.model_MGREV assigned to AC132444_3_MOUSE
Model S_WNDCfk.model_MGREV assigned to NODE_5
Model S_WNDCfk.model_MGREV assigned to AC133103_7_MOUSE
Model S_WNDCfk.model_MGREV assigned to NODE_7
Model S_WNDCfk.model_MGREV assigned to AC125149_3_MOUSE
Model S_WNDCfk.model_MGREV assigned to GM10553_MOUSE
The tips of the tree:S_WNDCfk.tree_0 were matched with the species names from the data in the following numeric order (0-based) {0,1,2,3,4,5}

Pseudo-optimal path's cost 511 vs 567 for 1..k=> a 1.10959 x improvement
Partition 0 reversible model flag computed as 0S_WNDCfk.model_MGREV.theta_AG was already constrained in estimators.SetGlobals2

Variable 'S_WNDCfk.tree_0.AC133103_6_MOUSE.alpha' was not initialized prior to being usedmodels.codon.MG_REV.set_branch_length: S_WNDCfk.tree_0.AC133103_6_MOUSE.alpha=0

Variable 'S_WNDCfk.tree_0.AC132444_5_MOUSE.alpha' was not initialized prior to being usedmodels.codon.MG_REV.set_branch_length: S_WNDCfk.tree_0.AC132444_5_MOUSE.alpha=2.962106948367824e-21

Variable 'S_WNDCfk.tree_0.NODE_3.alpha' was not initialized prior to being usedmodels.codon.MG_REV.set_branch_length: S_WNDCfk.tree_0.NODE_3.alpha=0

Variable 'S_WNDCfk.tree_0.AC132444_3_MOUSE.alpha' was not initialized prior to being usedmodels.codon.MG_REV.set_branch_length: S_WNDCfk.tree_0.AC132444_3_MOUSE.alpha=0

Variable 'S_WNDCfk.tree_0.NODE_5.alpha' was not initialized prior to being usedmodels.codon.MG_REV.set_branch_length: S_WNDCfk.tree_0.NODE_5.alpha=0

Variable 'S_WNDCfk.tree_0.AC133103_7_MOUSE.alpha' was not initialized prior to being usedmodels.codon.MG_REV.set_branch_length: S_WNDCfk.tree_0.AC133103_7_MOUSE.alpha=0.2248702573722484

Variable 'S_WNDCfk.tree_0.NODE_7.alpha' was not initialized prior to being usedmodels.codon.MG_REV.set_branch_length: S_WNDCfk.tree_0.NODE_7.alpha=0.05564207612892505

Variable 'S_WNDCfk.tree_0.AC125149_3_MOUSE.alpha' was not initialized prior to being usedmodels.codon.MG_REV.set_branch_length: S_WNDCfk.tree_0.AC125149_3_MOUSE.alpha=0

Variable 'S_WNDCfk.tree_0.GM10553_MOUSE.alpha' was not initialized prior to being usedmodels.codon.MG_REV.set_branch_length: S_WNDCfk.tree_0.GM10553_MOUSE.alpha=0.3955784029839078

Auto-benchmarked an optimal number (1) of threads.
Set GUI update interval to every 183-th LF evaluation.
Optimization settings:
	OPTIMIZATION_METHOD = 4
	OPTIMIZATION_PRECISION = 0.001
	MAXIMUM_ITERATIONS_PER_VARIABLE = 5000

Initial parameter values

S_WNDCfk.model_MGREV.theta_AT = 0.763118
S_WNDCfk.model_MGREV.theta_AC = 0
S_WNDCfk.model_MGREV.theta_CG = 0
S_WNDCfk.model_MGREV.theta_CT = 0.220557
S_WNDCfk.model_MGREV.theta_GT = 0
S_WNDCfk.model_MGREV.omega_0 = 0.690369
S_WNDCfk.tree_0.AC133103_6_MOUSE.alpha = 0
S_WNDCfk.tree_0.AC132444_5_MOUSE.alpha = 2.96211e-21
S_WNDCfk.tree_0.NODE_3.alpha = 0
S_WNDCfk.tree_0.AC132444_3_MOUSE.alpha = 0
S_WNDCfk.tree_0.NODE_5.alpha = 0
S_WNDCfk.tree_0.AC133103_7_MOUSE.alpha = 0.22487
S_WNDCfk.tree_0.NODE_7.alpha = 0.0556421
S_WNDCfk.tree_0.AC125149_3_MOUSE.alpha = 0
S_WNDCfk.tree_0.GM10553_MOUSE.alpha = 0.395578
Optimization finished in 23 loop passes.
1819 likelihood evaluation calls and 10181 matrix exponentiations calls were made

Loaded 'libv3/models/rate_variation.bf' from /home3/sadie/bin/hyphy/lib/hyphy/TemplateBatchFiles/libv3/models/rate_variation.bf
Already loaded 'parameters.bf' from /home3/sadie/bin/hyphy/lib/hyphy/TemplateBatchFiles/libv3/models/parameters.bf
Variable busted.test.rv_gdd_weights_0 mapped to class {1,1,1}
Variable busted.test.rv_gdd_weights_1 mapped to class {1,1,1}
Variable busted.test.rv_gdd_rates_0 mapped to class {1,1,1}
Variable busted.test.rv_gdd_rates_1 mapped to class {1,1,1}
Variable busted.test.rv_gdd_rates_2 mapped to class {1,1,1}
Variable busted.test.rv_gdd_norm mapped to class {1,1,1}
Overwritten previously defined function:'nfymxGbJ.rate_generator'
Variable busted.test.rv_gdd_weights_0 mapped to class {1,1,1}
Variable busted.test.rv_gdd_weights_1 mapped to class {1,1,1}
Variable busted.test.rv_gdd_rates_0 mapped to class {1,1,1}
Variable busted.test.rv_gdd_rates_1 mapped to class {1,1,1}
Variable busted.test.rv_gdd_rates_2 mapped to class {1,1,1}
Variable busted.test.rv_gdd_norm mapped to class {1,1,1}
Overwritten previously defined function:'nfymxGbJ.rate_generator'
Variable busted.test.rv_gdd_weights_0 mapped to class {1,1,1}
Variable busted.test.rv_gdd_weights_1 mapped to class {1,1,1}
Variable busted.test.rv_gdd_rates_0 mapped to class {1,1,1}
Variable busted.test.rv_gdd_rates_1 mapped to class {1,1,1}
Variable busted.test.rv_gdd_rates_2 mapped to class {1,1,1}
Variable busted.test.rv_gdd_norm mapped to class {1,1,1}
Auto-benchmarked an optimal number (2) of threads.
Set GUI update interval to every 4504-th LF evaluation.
Optimization settings:
	OPTIMIZATION_METHOD = 4
	OPTIMIZATION_PRECISION = 0.001
	MAXIMUM_ITERATIONS_PER_VARIABLE = 5000

Initial parameter values

frequencies._aux.CF3x4.p0_0 = 0.289973
frequencies._aux.CF3x4.p0_1 = 0.320611
frequencies._aux.CF3x4.p0_2 = 0.432584
frequencies._aux.CF3x4.p1_0 = 0.214092
frequencies._aux.CF3x4.p1_1 = 0.424138
frequencies._aux.CF3x4.p1_2 = 0.350299
frequencies._aux.CF3x4.p2_0 = 0.142276
frequencies._aux.CF3x4.p2_1 = 0.379147
frequencies._aux.CF3x4.p2_2 = 0.503817
Internal error in _LikelihoodFunction::ConjugateGradientDescent. The function evaluated at current parameter values [-5.89863e-05] does not match the last recorded LF maximum [-0.000275569]
Internal error in _LikelihoodFunction::ConjugateGradientDescent. The function evaluated at current parameter values [-6.29697e-09] does not match the last recorded LF maximum [-2.88419e-08]
Optimization finished in 7 loop passes.
420 likelihood evaluation calls and 0 matrix exponentiations calls were made

Variable 'busted.test_pi' was not initialized prior to being used
Variable 'busted.test.rv_gdd' was not initialized prior to being used
Overwritten previously defined function:'nfymxGbJ.rate_generator'
Variable busted.background.rv_gdd_weights_0 mapped to class {1,1,1}
Variable busted.background.rv_gdd_weights_1 mapped to class {1,1,1}
Variable busted.background.rv_gdd_rates_0 mapped to class {1,1,1}
Variable busted.background.rv_gdd_rates_1 mapped to class {1,1,1}
Variable busted.background.rv_gdd_rates_2 mapped to class {1,1,1}
Variable busted.background.rv_gdd_norm mapped to class {1,1,1}
Overwritten previously defined function:'nfymxGbJ.rate_generator'
Variable busted.background.rv_gdd_weights_0 mapped to class {1,1,1}
Variable busted.background.rv_gdd_weights_1 mapped to class {1,1,1}
Variable busted.background.rv_gdd_rates_0 mapped to class {1,1,1}
Variable busted.background.rv_gdd_rates_1 mapped to class {1,1,1}
Variable busted.background.rv_gdd_rates_2 mapped to class {1,1,1}
Variable busted.background.rv_gdd_norm mapped to class {1,1,1}
Overwritten previously defined function:'nfymxGbJ.rate_generator'
Variable busted.background.rv_gdd_weights_0 mapped to class {1,1,1}
Variable busted.background.rv_gdd_weights_1 mapped to class {1,1,1}
Variable busted.background.rv_gdd_rates_0 mapped to class {1,1,1}
Variable busted.background.rv_gdd_rates_1 mapped to class {1,1,1}
Variable busted.background.rv_gdd_rates_2 mapped to class {1,1,1}
Variable busted.background.rv_gdd_norm mapped to class {1,1,1}
Auto-benchmarked an optimal number (4) of threads.
Set GUI update interval to every 4504-th LF evaluation.
Optimization settings:
	OPTIMIZATION_METHOD = 4
	OPTIMIZATION_PRECISION = 0.001
	MAXIMUM_ITERATIONS_PER_VARIABLE = 5000

Initial parameter values

frequencies._aux.CF3x4.p0_0 = 0.289973
frequencies._aux.CF3x4.p0_1 = 0.320611
frequencies._aux.CF3x4.p0_2 = 0.432584
frequencies._aux.CF3x4.p1_0 = 0.214092
frequencies._aux.CF3x4.p1_1 = 0.424138
frequencies._aux.CF3x4.p1_2 = 0.350299
frequencies._aux.CF3x4.p2_0 = 0.142276
frequencies._aux.CF3x4.p2_1 = 0.379147
frequencies._aux.CF3x4.p2_2 = 0.503817
Internal error in _LikelihoodFunction::ConjugateGradientDescent. The function evaluated at current parameter values [-5.89863e-05] does not match the last recorded LF maximum [-0.000275569]
Internal error in _LikelihoodFunction::ConjugateGradientDescent. The function evaluated at current parameter values [-6.29697e-09] does not match the last recorded LF maximum [-2.88419e-08]
Optimization finished in 7 loop passes.
422 likelihood evaluation calls and 0 matrix exponentiations calls were made

Variable 'busted.background_pi' was not initialized prior to being used
Variable 'busted.background.rv_gdd' was not initialized prior to being used
Variable 'ASSUME_REVERSIBLE_MODELS' was not initialized prior to being used
No nodel was assigned to AC133103_6_MOUSE
No nodel was assigned to AC132444_5_MOUSE
No nodel was assigned to NODE_3
No nodel was assigned to AC132444_3_MOUSE
No nodel was assigned to NODE_5
No nodel was assigned to AC133103_7_MOUSE
No nodel was assigned to NODE_7
No nodel was assigned to AC125149_3_MOUSE
No nodel was assigned to GM10553_MOUSE
The tips of the tree:MLbXzygw.tree_id_0 were matched with the species names from the data in the following numeric order (0-based) {0,1,2,3,4,5}

Pseudo-optimal path's cost 511 vs 567 for 1..k=> a 1.10959 x improvement
Partition 0 is ASSUMED to have a reversible modelbusted.test.theta_AG was already constrained in estimators.SetGlobals2

Variable 'MLbXzygw.tree_id_0.AC133103_6_MOUSE.t' was not initialized prior to being usedmodels.generic.SetBranchLength: MLbXzygw.tree_id_0.AC133103_6_MOUSE.t=0

Variable 'MLbXzygw.tree_id_0.AC132444_5_MOUSE.t' was not initialized prior to being usedmodels.generic.SetBranchLength: MLbXzygw.tree_id_0.AC132444_5_MOUSE.t=2.646977960169689e-23

Variable 'MLbXzygw.tree_id_0.NODE_3.t' was not initialized prior to being usedmodels.generic.SetBranchLength: MLbXzygw.tree_id_0.NODE_3.t=0

Variable 'MLbXzygw.tree_id_0.AC132444_3_MOUSE.t' was not initialized prior to being usedmodels.generic.SetBranchLength: MLbXzygw.tree_id_0.AC132444_3_MOUSE.t=0

Variable 'MLbXzygw.tree_id_0.NODE_5.t' was not initialized prior to being usedmodels.generic.SetBranchLength: MLbXzygw.tree_id_0.NODE_5.t=0

Variable 'MLbXzygw.tree_id_0.AC133103_7_MOUSE.t' was not initialized prior to being usedmodels.generic.SetBranchLength: MLbXzygw.tree_id_0.AC133103_7_MOUSE.t=0.1526727214367414

Variable 'MLbXzygw.tree_id_0.NODE_7.t' was not initialized prior to being usedmodels.generic.SetBranchLength: MLbXzygw.tree_id_0.NODE_7.t=0.0377692452552755

Variable 'MLbXzygw.tree_id_0.AC125149_3_MOUSE.t' was not initialized prior to being usedmodels.generic.SetBranchLength: MLbXzygw.tree_id_0.AC125149_3_MOUSE.t=0

Variable 'MLbXzygw.tree_id_0.GM10553_MOUSE.t' was not initialized prior to being usedmodels.generic.SetBranchLength: MLbXzygw.tree_id_0.GM10553_MOUSE.t=0.269557453755798

Variable 'MLbXzygw.MLbXzygw.likelihoodFunction' was not initialized prior to being used
Auto-benchmarked an optimal number (2) of threads.
Set GUI update interval to every 27-th LF evaluation.
Optimization settings:
	OPTIMIZATION_METHOD = 4
	OPTIMIZATION_PRECISION = 0.001
	MAXIMUM_ITERATIONS_PER_VARIABLE = 5000

Initial parameter values

busted.test.bsrel_mixture_aux_1 = 0.666667
busted.test.omega2 = 0.238095
busted.test.omega3 = 9.52381
busted.test.theta_GT = 0
busted.test.bsrel_mixture_aux_0 = 0.7
busted.test.rv_gdd_weights_0 = 0.333333
busted.test.rv_gdd_rates_0 = 1
busted.test.theta_CG = 0
busted.test.theta_AT = 0.848885
busted.test.theta_CT = 0.206818
busted.test.rv_gdd_weights_1 = 0.5
busted.test.theta_AC = 0
busted.test.rv_gdd_rates_1 = 1
busted.test.rv_gdd_rates_2 = 1
busted.test.omega1 = 0
MLbXzygw.tree_id_0.AC133103_6_MOUSE.t = 0
MLbXzygw.tree_id_0.AC132444_5_MOUSE.t = 2.64698e-23
MLbXzygw.tree_id_0.NODE_3.t = 0
MLbXzygw.tree_id_0.AC132444_3_MOUSE.t = 0
MLbXzygw.tree_id_0.NODE_5.t = 0
MLbXzygw.tree_id_0.AC133103_7_MOUSE.t = 0.152673
MLbXzygw.tree_id_0.NODE_7.t = 0.0377692
MLbXzygw.tree_id_0.AC125149_3_MOUSE.t = 0
MLbXzygw.tree_id_0.GM10553_MOUSE.t = 0.269557
Optimization finished in 24 loop passes.
3123 likelihood evaluation calls and 199080 matrix exponentiations calls were made

Variable 'rVsYJqrc.MLbXzygw.likelihoodFunction' was not initialized prior to being used
Auto-benchmarked an optimal number (1) of threads.
Set GUI update interval to every 24-th LF evaluation.
Optimization settings:
	OPTIMIZATION_METHOD = 4
	OPTIMIZATION_PRECISION = 0.001
	MAXIMUM_ITERATIONS_PER_VARIABLE = 5000

Initial parameter values

busted.test.bsrel_mixture_aux_1 = 0.542402
busted.test.omega2 = 0.292028
busted.test.theta_GT = 0
busted.test.bsrel_mixture_aux_0 = 0.662755
busted.test.rv_gdd_weights_0 = 0.333333
busted.test.rv_gdd_weights_1 = 0.497622
busted.test.theta_AT = 0.876215
busted.test.theta_AC = 0
busted.test.theta_CG = 0
busted.test.theta_CT = 0.229813
busted.test.omega1 = 0.0863532
busted.test.rv_gdd_rates_0 = 1
busted.test.rv_gdd_rates_1 = 1
busted.test.rv_gdd_rates_2 = 1
MLbXzygw.tree_id_0.AC133103_6_MOUSE.t = 0
MLbXzygw.tree_id_0.AC132444_5_MOUSE.t = 4.85773e-25
MLbXzygw.tree_id_0.NODE_3.t = 0
MLbXzygw.tree_id_0.AC132444_3_MOUSE.t = 0
MLbXzygw.tree_id_0.NODE_5.t = 0
MLbXzygw.tree_id_0.AC133103_7_MOUSE.t = 0.0606616
MLbXzygw.tree_id_0.NODE_7.t = 0.014492
MLbXzygw.tree_id_0.AC125149_3_MOUSE.t = 0
MLbXzygw.tree_id_0.GM10553_MOUSE.t = 0.104408
Optimization finished in 19 loop passes.
2765 likelihood evaluation calls and 166536 matrix exponentiations calls were made

Variable 'USE_JSON_FOR_MATRIX' was not initialized prior to being used