Job 311539
Array index 10

Analysis Description
--------------------
BUSTED-SRV (branch-site unrestricted statistical test of episodic
diversification with synonymous rate variation) uses a random effects
branch-site model fitted jointly to all or a subset of tree branches in
order to test for alignment-wide evidence of episodic diversifying
selection. Assuming there is evidence of positive selection (i.e. there
is an omega > 1), BUSTED will also perform a quick evidence-ratio style
analysis to explore which individual sites may have been subject to
selection.

- __Requirements__: in-frame codon alignment and a phylogenetic tree (optionally annotated
with {})

- __Citation__: *Gene-wide identification of episodic selection*, Mol Biol Evol.
32(5):1365-71

- __Written by__: Sergei L Kosakovsky Pond

- __Contact Information__: spond@temple.edu

- __Analysis Version__: 1.2



####Choose Genetic Code

1. [**Universal**] Universal code. (Genebank transl_table=1).
2. [**Vertebrate mtDNA**] Vertebrate mitochondrial DNA code. (Genebank transl_table=2).
3. [**Yeast mtDNA**] Yeast mitochondrial DNA code. (Genebank transl_table=3).
4. [**Mold/Protozoan mtDNA**] Mold, Protozoan and Coelenterate mitochondrial DNA and the Mycloplasma/Spiroplasma code. (Genebank transl_table=4).
5. [**Invertebrate mtDNA**] Invertebrate mitochondrial DNA code. (Genebank transl_table=5).
6. [**Ciliate Nuclear**] Ciliate, Dasycladacean and Hexamita Nuclear code. (Genebank transl_table=6).
7. [**Echinoderm mtDNA**] Echinoderm mitochondrial DNA code. (Genebank transl_table=9).
8. [**Euplotid Nuclear**] Euplotid Nuclear code. (Genebank transl_table=10).
9. [**Alt. Yeast Nuclear**] Alternative Yeast Nuclear code. (Genebank transl_table=12).
10. [**Ascidian mtDNA**] Ascidian mitochondrial DNA code. (Genebank transl_table=13).
11. [**Flatworm mtDNA**] Flatworm mitochondrial DNA code. (Genebank transl_table=14).
12. [**Blepharisma Nuclear**] Blepharisma Nuclear code. (Genebank transl_table=15).
13. [**Chlorophycean mtDNA**] Chlorophycean Mitochondrial Code (transl_table=16).
14. [**Trematode mtDNA**] Trematode Mitochondrial Code (transl_table=21).
15. [**Scenedesmus obliquus mtDNA**] Scenedesmus obliquus mitochondrial Code (transl_table=22).
16. [**Thraustochytrium mtDNA**] Thraustochytrium Mitochondrial Code (transl_table=23).
17. [**Pterobranchia mtDNA**] Pterobranchia Mitochondrial Code (transl_table=24).
18. [**SR1 and Gracilibacteria**] Candidate Division SR1 and Gracilibacteria Code (transl_table=25).
19. [**Pachysolen Nuclear**] Pachysolen tannophilus Nuclear Code (transl_table=26).

>Please choose an option (or press q to cancel selection):

>Select a coding sequence alignment file (`/home3/sadie/BUSTED-SRV/HBL/`) Error:
DataSet(Filter)/Associative Array busted.codon_data has not been properly initialized

Function call stack
1 : Build Data Set Filter ^datafilter_name from DataSet ^dataset_name with unit size = 3 Partition:,,,data_info[terms.stop_codons]
-------
2 : A return statement with:1
-------
3 : codon_data_info=alignments.PromptForGeneticCodeAndAlignment(prefix+".codon_data",prefix+".codon_filter")
-------
4 : load_file("busted")
-------
5 : Call a nested list (via namespace):
 

Step 0.LoadFunctionLibrary from file"SelectionAnalyses/modules/shared-load-file.bf" using basepath /home3/sadie/BUSTED-SRV/HBL/.

Step 1.load_file("busted")
-------

Check errors.log for details on execution errors.

Check messages.log details of this run.
